<?xml version="1.0" encoding="UTF-8"?>
<!-- Generated by org.testng.reporters.JUnitReportReporter -->
<testsuite hostname="TL1086" failures="0" tests="1" name="testcases.TC_001_LoginTC" time="13.288" errors="0" timestamp="2024-03-28T12:36:45 IST" skipped="0">
  <testcase classname="testcases.TC_001_LoginTC" name="runLogin" time="13.288"/>
  <system-out/>
</testsuite> <!-- testcases.TC_001_LoginTC -->
