<?xml version="1.0" encoding="UTF-8"?>
<!-- Generated by org.testng.reporters.JUnitReportReporter -->
<testsuite hostname="TL1086" failures="0" tests="1" name="testcases.TC_002_CreateLeadTC" time="13.140" errors="0" timestamp="2024-03-28T12:36:45 IST" skipped="0">
  <testcase classname="testcases.TC_002_CreateLeadTC" name="runCreateLead" time="13.140"/>
  <system-out/>
</testsuite> <!-- testcases.TC_002_CreateLeadTC -->
