<?xml version="1.0" encoding="UTF-8"?>
<!-- Generated by org.testng.reporters.JUnitReportReporter -->
<testsuite skipped="0" hostname="TL1086" name="testcases.TC_002_CreateLeadTC" tests="2" failures="0" timestamp="2024-04-01T10:33:24 IST" time="43.232" errors="0">
  <testcase name="runCreateLead" time="23.690" classname="testcases.TC_002_CreateLeadTC"/>
  <system-out/>
  <testcase name="runCreateLead" time="19.542" classname="testcases.TC_002_CreateLeadTC"/>
  <system-out/>
</testsuite> <!-- testcases.TC_002_CreateLeadTC -->
